<?xml version="1.0" encoding="UTF-8"?>
<!-- Generated by org.testng.reporters.JUnitXMLReporter -->
<testsuite ignored="0" hostname="PRASHANTH" failures="0" tests="10" name="Data Driven Login Tests" time="141.513" errors="0" timestamp="2026-03-04T10:39:09 IST">
  <testcase classname="tests.ExcelLoginTestData" name="loginTest" time="1.173"/>
  <testcase classname="tests.ExcelLoginTestData" name="loginTest" time="1.133"/>
  <testcase classname="tests.ExcelLoginTestData" name="loginTest" time="6.366"/>
  <testcase classname="tests.ExcelLoginTestData" name="loginTest" time="1.395"/>
  <testcase classname="tests.ExcelLoginTestData" name="loginTest" time="1.128"/>
  <testcase classname="tests.ExcelLoginTestData" name="loginTest" time="0.436"/>
  <testcase classname="tests.ExcelLoginTestData" name="loginTest" time="0.371"/>
  <testcase classname="tests.ExcelLoginTestData" name="loginTest" time="0.309"/>
  <testcase classname="tests.ExcelLoginTestData" name="loginTest" time="0.334"/>
  <testcase classname="tests.ExcelLoginTestData" name="loginTest" time="0.511"/>
</testsuite> <!-- Data Driven Login Tests -->
