<?xml version="1.0" encoding="UTF-8"?>
<!-- Generated by org.testng.reporters.JUnitXMLReporter -->
<testsuite ignored="0" hostname="PRASHANTH" failures="10" tests="10" name="Data Driven Login Tests" time="201.985" errors="0" timestamp="2026-03-04T10:52:59 IST">
  <testcase classname="tests.ExcelLoginTestData" name="loginAndCheckoutTest" time="0.69">
    <failure type="java.lang.AssertionError" message="Cart should have 2 items expected [2] but found [1]">
      <![CDATA[java.lang.AssertionError: Cart should have 2 items expected [2] but found [1]
at tests.ExcelLoginTestData.addProductToCart(ExcelLoginTestData.java:162)
at tests.ExcelLoginTestData.loginAndCheckoutTest(ExcelLoginTestData.java:113)
at java.base/java.util.ArrayList.forEach(ArrayList.java:1604)
... Removed 30 stack frames]]>
    </failure>
  </testcase> <!-- loginAndCheckoutTest -->
  <testcase classname="tests.ExcelLoginTestData" name="loginAndCheckoutTest" time="0.65">
    <failure type="java.lang.AssertionError" message="Cart should have 2 items expected [2] but found [1]">
      <![CDATA[java.lang.AssertionError: Cart should have 2 items expected [2] but found [1]
at tests.ExcelLoginTestData.addProductToCart(ExcelLoginTestData.java:162)
at tests.ExcelLoginTestData.loginAndCheckoutTest(ExcelLoginTestData.java:113)
at java.base/java.util.ArrayList.forEach(ArrayList.java:1604)
... Removed 30 stack frames]]>
    </failure>
  </testcase> <!-- loginAndCheckoutTest -->
  <testcase classname="tests.ExcelLoginTestData" name="loginAndCheckoutTest" time="5.596">
    <failure type="java.lang.AssertionError" message="Should be on Cart page expected [Your Cart] but found [Products]">
      <![CDATA[java.lang.AssertionError: Should be on Cart page expected [Your Cart] but found [Products]
at tests.ExcelLoginTestData.goToCart(ExcelLoginTestData.java:176)
at tests.ExcelLoginTestData.loginAndCheckoutTest(ExcelLoginTestData.java:116)
at java.base/java.util.ArrayList.forEach(ArrayList.java:1604)
... Removed 30 stack frames]]>
    </failure>
  </testcase> <!-- loginAndCheckoutTest -->
  <testcase classname="tests.ExcelLoginTestData" name="loginAndCheckoutTest" time="0.707">
    <failure type="java.lang.AssertionError" message="Should be on Cart page expected [Your Cart] but found [Products]">
      <![CDATA[java.lang.AssertionError: Should be on Cart page expected [Your Cart] but found [Products]
at tests.ExcelLoginTestData.goToCart(ExcelLoginTestData.java:176)
at tests.ExcelLoginTestData.loginAndCheckoutTest(ExcelLoginTestData.java:116)
at java.base/java.util.ArrayList.forEach(ArrayList.java:1604)
... Removed 30 stack frames]]>
    </failure>
  </testcase> <!-- loginAndCheckoutTest -->
  <testcase classname="tests.ExcelLoginTestData" name="loginAndCheckoutTest" time="0.685">
    <failure type="java.lang.AssertionError" message="Cart should have 2 items expected [2] but found [1]">
      <![CDATA[java.lang.AssertionError: Cart should have 2 items expected [2] but found [1]
at tests.ExcelLoginTestData.addProductToCart(ExcelLoginTestData.java:162)
at tests.ExcelLoginTestData.loginAndCheckoutTest(ExcelLoginTestData.java:113)
at java.base/java.util.ArrayList.forEach(ArrayList.java:1604)
... Removed 30 stack frames]]>
    </failure>
  </testcase> <!-- loginAndCheckoutTest -->
  <testcase classname="tests.ExcelLoginTestData" name="loginAndCheckoutTest" time="0.338">
    <failure type="java.lang.AssertionError" message="Login failed for user: invalid_user. Error: Epic sadface: Username and password do not match any user in this service">
      <![CDATA[java.lang.AssertionError: Login failed for user: invalid_user. Error: Epic sadface: Username and password do not match any user in this service
at tests.ExcelLoginTestData.loginAndCheckoutTest(ExcelLoginTestData.java:140)
at java.base/java.util.ArrayList.forEach(ArrayList.java:1604)
... Removed 26 stack frames]]>
    </failure>
  </testcase> <!-- loginAndCheckoutTest -->
  <testcase classname="tests.ExcelLoginTestData" name="loginAndCheckoutTest" time="9.941">
    <failure type="java.lang.AssertionError" message="Login failed for user: standard_user. Error: Epic sadface: Username and password do not match any user in this service">
      <![CDATA[java.lang.AssertionError: Login failed for user: standard_user. Error: Epic sadface: Username and password do not match any user in this service
at tests.ExcelLoginTestData.loginAndCheckoutTest(ExcelLoginTestData.java:140)
at java.base/java.util.ArrayList.forEach(ArrayList.java:1604)
... Removed 26 stack frames]]>
    </failure>
  </testcase> <!-- loginAndCheckoutTest -->
  <testcase classname="tests.ExcelLoginTestData" name="loginAndCheckoutTest" time="0.626">
    <failure type="java.lang.AssertionError" message="Login failed for user: . Error: Epic sadface: Username is required">
      <![CDATA[java.lang.AssertionError: Login failed for user: . Error: Epic sadface: Username is required
at tests.ExcelLoginTestData.loginAndCheckoutTest(ExcelLoginTestData.java:140)
at java.base/java.util.ArrayList.forEach(ArrayList.java:1604)
... Removed 26 stack frames]]>
    </failure>
  </testcase> <!-- loginAndCheckoutTest -->
  <testcase classname="tests.ExcelLoginTestData" name="loginAndCheckoutTest" time="0.313">
    <failure type="java.lang.AssertionError" message="Login failed for user: standard_user. Error: Epic sadface: Password is required">
      <![CDATA[java.lang.AssertionError: Login failed for user: standard_user. Error: Epic sadface: Password is required
at tests.ExcelLoginTestData.loginAndCheckoutTest(ExcelLoginTestData.java:140)
at java.base/java.util.ArrayList.forEach(ArrayList.java:1604)
... Removed 26 stack frames]]>
    </failure>
  </testcase> <!-- loginAndCheckoutTest -->
  <testcase classname="tests.ExcelLoginTestData" name="loginAndCheckoutTest" time="0.286">
    <failure type="java.lang.AssertionError" message="Login failed for user: locked_out_user. Error: Epic sadface: Sorry, this user has been locked out.">
      <![CDATA[java.lang.AssertionError: Login failed for user: locked_out_user. Error: Epic sadface: Sorry, this user has been locked out.
at tests.ExcelLoginTestData.loginAndCheckoutTest(ExcelLoginTestData.java:140)
at java.base/java.util.ArrayList.forEach(ArrayList.java:1604)
... Removed 26 stack frames]]>
    </failure>
  </testcase> <!-- loginAndCheckoutTest -->
</testsuite> <!-- Data Driven Login Tests -->
