<?xml version="1.0" encoding="UTF-8"?>
<!-- Generated by org.testng.reporters.JUnitXMLReporter -->
<testsuite ignored="0" hostname="PRASHANTH" failures="0" tests="10" name="Data Driven Login Tests" time="243.598" errors="0" timestamp="2026-03-03T20:34:19 IST">
  <testcase classname="tests.ExcelLoginTestData" name="loginTest" time="1.118"/>
  <testcase classname="tests.ExcelLoginTestData" name="loginTest" time="1.132"/>
  <testcase classname="tests.ExcelLoginTestData" name="loginTest" time="16.839"/>
  <testcase classname="tests.ExcelLoginTestData" name="loginTest" time="1.15"/>
  <testcase classname="tests.ExcelLoginTestData" name="loginTest" time="1.117"/>
  <testcase classname="tests.ExcelLoginTestData" name="loginTest" time="0.332"/>
  <testcase classname="tests.ExcelLoginTestData" name="loginTest" time="0.336"/>
  <testcase classname="tests.ExcelLoginTestData" name="loginTest" time="0.724"/>
  <testcase classname="tests.ExcelLoginTestData" name="loginTest" time="0.517"/>
  <testcase classname="tests.ExcelLoginTestData" name="loginTest" time="0.771"/>
</testsuite> <!-- Data Driven Login Tests -->
