<?xml version="1.0" encoding="UTF-8"?>
<!-- Generated by org.testng.reporters.JUnitXMLReporter -->
<testsuite ignored="0" hostname="PRASHANTH" failures="5" tests="10" name="E2E Data Driven Tests" time="195.249" errors="0" timestamp="2026-03-04T12:16:40 IST">
  <testcase classname="tests.ExcelLoginTestData" name="ecommerceTest" time="20.247"/>
  <testcase classname="tests.ExcelLoginTestData" name="ecommerceTest" time="15.935"/>
  <testcase classname="tests.ExcelLoginTestData" name="ecommerceTest" time="20.876"/>
  <testcase classname="tests.ExcelLoginTestData" name="ecommerceTest" time="13.659"/>
  <testcase classname="tests.ExcelLoginTestData" name="ecommerceTest" time="19.699"/>
  <testcase classname="tests.ExcelLoginTestData" name="ecommerceTest" time="7.164">
    <failure type="java.lang.AssertionError" message="LOGIN FAILED! Expected to reach inventory page but got error. User: invalid_user expected [true] but found [false]">
      <![CDATA[java.lang.AssertionError: LOGIN FAILED! Expected to reach inventory page but got error. User: invalid_user expected [true] but found [false]
at tests.ExcelLoginTestData.executeLoginFailTest(ExcelLoginTestData.java:370)
at tests.ExcelLoginTestData.ecommerceTest(ExcelLoginTestData.java:114)
at java.base/java.util.ArrayList.forEach(ArrayList.java:1604)
... Removed 28 stack frames]]>
    </failure>
  </testcase> <!-- ecommerceTest -->
  <testcase classname="tests.ExcelLoginTestData" name="ecommerceTest" time="54.565">
    <failure type="java.lang.AssertionError" message="LOGIN FAILED! Expected to reach inventory page but got error. User: standard_user expected [true] but found [false]">
      <![CDATA[java.lang.AssertionError: LOGIN FAILED! Expected to reach inventory page but got error. User: standard_user expected [true] but found [false]
at tests.ExcelLoginTestData.executeLoginFailTest(ExcelLoginTestData.java:370)
at tests.ExcelLoginTestData.ecommerceTest(ExcelLoginTestData.java:114)
at java.base/java.util.ArrayList.forEach(ArrayList.java:1604)
... Removed 28 stack frames]]>
    </failure>
  </testcase> <!-- ecommerceTest -->
  <testcase classname="tests.ExcelLoginTestData" name="ecommerceTest" time="6.659">
    <failure type="java.lang.AssertionError" message="LOGIN FAILED! Expected to reach inventory page but got error. User:  expected [true] but found [false]">
      <![CDATA[java.lang.AssertionError: LOGIN FAILED! Expected to reach inventory page but got error. User:  expected [true] but found [false]
at tests.ExcelLoginTestData.executeLoginFailTest(ExcelLoginTestData.java:370)
at tests.ExcelLoginTestData.ecommerceTest(ExcelLoginTestData.java:114)
at java.base/java.util.ArrayList.forEach(ArrayList.java:1604)
... Removed 28 stack frames]]>
    </failure>
  </testcase> <!-- ecommerceTest -->
  <testcase classname="tests.ExcelLoginTestData" name="ecommerceTest" time="0.242">
    <failure type="java.lang.AssertionError" message="INVALID URL TEST FAILED! Could not load: https://www.invalidwebsite12345.com/. Error: unknown error: net::ERR_NAME_NOT_RESOLVED">
      <![CDATA[java.lang.AssertionError: INVALID URL TEST FAILED! Could not load: https://www.invalidwebsite12345.com/. Error: unknown error: net::ERR_NAME_NOT_RESOLVED
at tests.ExcelLoginTestData.executeInvalidUrlFailTest(ExcelLoginTestData.java:401)
at tests.ExcelLoginTestData.ecommerceTest(ExcelLoginTestData.java:118)
at java.base/java.util.ArrayList.forEach(ArrayList.java:1604)
... Removed 26 stack frames]]>
    </failure>
  </testcase> <!-- ecommerceTest -->
  <testcase classname="tests.ExcelLoginTestData" name="ecommerceTest" time="21.965">
    <failure type="java.lang.AssertionError" message="CHECKOUT FAILED! Expected to reach checkout step 2 but validation prevented it. Empty details not allowed! expected [true] but found [false]">
      <![CDATA[java.lang.AssertionError: CHECKOUT FAILED! Expected to reach checkout step 2 but validation prevented it. Empty details not allowed! expected [true] but found [false]
at tests.ExcelLoginTestData.executeInvalidDetailsFailTest(ExcelLoginTestData.java:445)
at tests.ExcelLoginTestData.ecommerceTest(ExcelLoginTestData.java:122)
at java.base/java.util.ArrayList.forEach(ArrayList.java:1604)
... Removed 28 stack frames]]>
    </failure>
  </testcase> <!-- ecommerceTest -->
</testsuite> <!-- E2E Data Driven Tests -->
