<?xml version="1.0" encoding="UTF-8"?>
<!-- Generated by org.testng.reporters.JUnitXMLReporter -->
<testsuite ignored="0" hostname="PRASHANTH" failures="5" tests="10" name="E2E Data Driven Tests" time="161.347" errors="0" timestamp="2026-03-04T13:17:26 IST">
  <testcase classname="tests.ExcelLoginTestData" name="ecommerceTest" time="7.411"/>
  <testcase classname="tests.ExcelLoginTestData" name="ecommerceTest" time="13.788"/>
  <testcase classname="tests.ExcelLoginTestData" name="ecommerceTest" time="23.461"/>
  <testcase classname="tests.ExcelLoginTestData" name="ecommerceTest" time="23.596"/>
  <testcase classname="tests.ExcelLoginTestData" name="ecommerceTest" time="7.838"/>
  <testcase classname="tests.ExcelLoginTestData" name="ecommerceTest" time="34.006">
    <failure type="java.lang.AssertionError" message="LOGIN SHOULD FAIL! User: invalid_user expected [true] but found [false]">
      <![CDATA[java.lang.AssertionError: LOGIN SHOULD FAIL! User: invalid_user expected [true] but found [false]
at tests.ExcelLoginTestData.executeLoginFailTest(ExcelLoginTestData.java:359)
at tests.ExcelLoginTestData.ecommerceTest(ExcelLoginTestData.java:115)
at java.base/java.util.ArrayList.forEach(ArrayList.java:1604)
... Removed 28 stack frames]]>
    </failure>
  </testcase> <!-- ecommerceTest -->
  <testcase classname="tests.ExcelLoginTestData" name="ecommerceTest" time="12.161">
    <failure type="java.lang.AssertionError" message="LOGIN SHOULD FAIL! User: standard_user expected [true] but found [false]">
      <![CDATA[java.lang.AssertionError: LOGIN SHOULD FAIL! User: standard_user expected [true] but found [false]
at tests.ExcelLoginTestData.executeLoginFailTest(ExcelLoginTestData.java:359)
at tests.ExcelLoginTestData.ecommerceTest(ExcelLoginTestData.java:115)
at java.base/java.util.ArrayList.forEach(ArrayList.java:1604)
... Removed 28 stack frames]]>
    </failure>
  </testcase> <!-- ecommerceTest -->
  <testcase classname="tests.ExcelLoginTestData" name="ecommerceTest" time="9.876">
    <failure type="java.lang.AssertionError" message="LOGIN SHOULD FAIL! User:  expected [true] but found [false]">
      <![CDATA[java.lang.AssertionError: LOGIN SHOULD FAIL! User:  expected [true] but found [false]
at tests.ExcelLoginTestData.executeLoginFailTest(ExcelLoginTestData.java:359)
at tests.ExcelLoginTestData.ecommerceTest(ExcelLoginTestData.java:115)
at java.base/java.util.ArrayList.forEach(ArrayList.java:1604)
... Removed 28 stack frames]]>
    </failure>
  </testcase> <!-- ecommerceTest -->
  <testcase classname="tests.ExcelLoginTestData" name="ecommerceTest" time="0.487">
    <failure type="java.lang.AssertionError" message="INVALID URL TEST FAILED! Error: unknown error: net::ERR_NAME_NOT_RESOLVED">
      <![CDATA[java.lang.AssertionError: INVALID URL TEST FAILED! Error: unknown error: net::ERR_NAME_NOT_RESOLVED
at tests.ExcelLoginTestData.executeInvalidUrlFailTest(ExcelLoginTestData.java:376)
at tests.ExcelLoginTestData.ecommerceTest(ExcelLoginTestData.java:118)
at java.base/java.util.ArrayList.forEach(ArrayList.java:1604)
... Removed 26 stack frames]]>
    </failure>
  </testcase> <!-- ecommerceTest -->
  <testcase classname="tests.ExcelLoginTestData" name="ecommerceTest" time="15.332">
    <failure type="java.lang.AssertionError" message="CHECKOUT SHOULD FAIL! Empty details not allowed! expected [true] but found [false]">
      <![CDATA[java.lang.AssertionError: CHECKOUT SHOULD FAIL! Empty details not allowed! expected [true] but found [false]
at tests.ExcelLoginTestData.executeInvalidDetailsFailTest(ExcelLoginTestData.java:417)
at tests.ExcelLoginTestData.ecommerceTest(ExcelLoginTestData.java:121)
at java.base/java.util.ArrayList.forEach(ArrayList.java:1604)
... Removed 28 stack frames]]>
    </failure>
  </testcase> <!-- ecommerceTest -->
</testsuite> <!-- E2E Data Driven Tests -->
