<?xml version="1.0" encoding="UTF-8"?>
<testng-results ignored="0" total="2" passed="2" failed="0" skipped="0">
  <reporter-output>
  </reporter-output>
  <suite started-at="2026-03-03T17:41:06 IST" name="E2E Automation Test Suite" finished-at="2026-03-03T17:41:21 IST" duration-ms="14227">
    <groups>
    </groups>
    <test started-at="2026-03-03T17:41:06 IST" name="Login Tests" finished-at="2026-03-03T17:41:21 IST" duration-ms="14227">
      <class name="tests.LoginTest">
        <test-method is-config="true" signature="setup()[pri:0, instance:tests.LoginTest@42039326]" started-at="2026-03-03T17:41:06 IST" name="setup" finished-at="2026-03-03T17:41:08 IST" duration-ms="1526" status="PASS">
          <reporter-output>
          </reporter-output>
        </test-method> <!-- setup -->
        <test-method signature="testValidLogin()[pri:1, instance:tests.LoginTest@42039326]" started-at="2026-03-03T17:41:08 IST" name="testValidLogin" description="Verify successful login with valid credentials" finished-at="2026-03-03T17:41:19 IST" duration-ms="10575" status="PASS">
          <reporter-output>
          </reporter-output>
        </test-method> <!-- testValidLogin -->
        <test-method is-config="true" signature="teardown()[pri:0, instance:tests.LoginTest@42039326]" started-at="2026-03-03T17:41:19 IST" name="teardown" finished-at="2026-03-03T17:41:19 IST" duration-ms="163" status="PASS">
          <reporter-output>
          </reporter-output>
        </test-method> <!-- teardown -->
        <test-method is-config="true" signature="setup()[pri:0, instance:tests.LoginTest@42039326]" started-at="2026-03-03T17:41:19 IST" name="setup" finished-at="2026-03-03T17:41:20 IST" duration-ms="1200" status="PASS">
          <reporter-output>
          </reporter-output>
        </test-method> <!-- setup -->
        <test-method signature="testInvalidLogin()[pri:2, instance:tests.LoginTest@42039326]" started-at="2026-03-03T17:41:20 IST" name="testInvalidLogin" description="Verify login fails with invalid credentials" finished-at="2026-03-03T17:41:20 IST" duration-ms="438" status="PASS">
          <reporter-output>
          </reporter-output>
        </test-method> <!-- testInvalidLogin -->
        <test-method is-config="true" signature="teardown()[pri:0, instance:tests.LoginTest@42039326]" started-at="2026-03-03T17:41:20 IST" name="teardown" finished-at="2026-03-03T17:41:21 IST" duration-ms="193" status="PASS">
          <reporter-output>
          </reporter-output>
        </test-method> <!-- teardown -->
      </class> <!-- tests.LoginTest -->
    </test> <!-- Login Tests -->
  </suite> <!-- E2E Automation Test Suite -->
</testng-results>
