<?xml version="1.0" encoding="UTF-8"?>
<testng-results ignored="0" total="10" passed="10" failed="0" skipped="0">
  <reporter-output>
  </reporter-output>
  <suite started-at="2026-03-04T10:36:48 IST" name="SauceDemo Login Test Suite" finished-at="2026-03-04T10:39:09 IST" duration-ms="141513">
    <groups>
    </groups>
    <test started-at="2026-03-04T10:36:48 IST" name="Data Driven Login Tests" finished-at="2026-03-04T10:39:09 IST" duration-ms="141513">
      <class name="tests.ExcelLoginTestData">
        <test-method is-config="true" signature="setUp()[pri:0, instance:tests.ExcelLoginTestData@63a65a25]" started-at="2026-03-04T10:36:48 IST" name="setUp" finished-at="2026-03-04T10:37:02 IST" duration-ms="13264" status="PASS">
          <reporter-output>
          </reporter-output>
        </test-method> <!-- setUp -->
        <test-method signature="loginTest(java.util.Map)[pri:0, instance:tests.ExcelLoginTestData@63a65a25]" started-at="2026-03-04T10:37:02 IST" name="loginTest" data-provider="loginData" finished-at="2026-03-04T10:37:03 IST" duration-ms="1173" status="PASS">
          <params>
            <param index="0">
              <value>
                <![CDATA[{TestCase=Valid Login 1, Username=standard_user, Password=secret_sauce, ExpectedResult=success, Description=Standard user with valid credentials}]]>
              </value>
            </param>
          </params>
          <reporter-output>
          </reporter-output>
        </test-method> <!-- loginTest -->
        <test-method is-config="true" signature="tearDown()[pri:0, instance:tests.ExcelLoginTestData@63a65a25]" started-at="2026-03-04T10:37:03 IST" name="tearDown" finished-at="2026-03-04T10:37:03 IST" duration-ms="168" status="PASS">
          <reporter-output>
          </reporter-output>
        </test-method> <!-- tearDown -->
        <test-method is-config="true" signature="setUp()[pri:0, instance:tests.ExcelLoginTestData@63a65a25]" started-at="2026-03-04T10:37:03 IST" name="setUp" finished-at="2026-03-04T10:37:20 IST" duration-ms="17299" status="PASS">
          <reporter-output>
          </reporter-output>
        </test-method> <!-- setUp -->
        <test-method signature="loginTest(java.util.Map)[pri:0, instance:tests.ExcelLoginTestData@63a65a25]" started-at="2026-03-04T10:37:20 IST" name="loginTest" data-provider="loginData" finished-at="2026-03-04T10:37:21 IST" duration-ms="1133" status="PASS">
          <params>
            <param index="0">
              <value>
                <![CDATA[{TestCase=Valid Login 2, Username=problem_user, Password=secret_sauce, ExpectedResult=success, Description=Problem user with valid credentials}]]>
              </value>
            </param>
          </params>
          <reporter-output>
          </reporter-output>
        </test-method> <!-- loginTest -->
        <test-method is-config="true" signature="tearDown()[pri:0, instance:tests.ExcelLoginTestData@63a65a25]" started-at="2026-03-04T10:37:21 IST" name="tearDown" finished-at="2026-03-04T10:37:22 IST" duration-ms="160" status="PASS">
          <reporter-output>
          </reporter-output>
        </test-method> <!-- tearDown -->
        <test-method is-config="true" signature="setUp()[pri:0, instance:tests.ExcelLoginTestData@63a65a25]" started-at="2026-03-04T10:37:22 IST" name="setUp" finished-at="2026-03-04T10:37:31 IST" duration-ms="9193" status="PASS">
          <reporter-output>
          </reporter-output>
        </test-method> <!-- setUp -->
        <test-method signature="loginTest(java.util.Map)[pri:0, instance:tests.ExcelLoginTestData@63a65a25]" started-at="2026-03-04T10:37:31 IST" name="loginTest" data-provider="loginData" finished-at="2026-03-04T10:37:37 IST" duration-ms="6366" status="PASS">
          <params>
            <param index="0">
              <value>
                <![CDATA[{TestCase=Valid Login 3, Username=performance_glitch_user, Password=secret_sauce, ExpectedResult=success, Description=Performance glitch user}]]>
              </value>
            </param>
          </params>
          <reporter-output>
          </reporter-output>
        </test-method> <!-- loginTest -->
        <test-method is-config="true" signature="tearDown()[pri:0, instance:tests.ExcelLoginTestData@63a65a25]" started-at="2026-03-04T10:37:37 IST" name="tearDown" finished-at="2026-03-04T10:37:37 IST" duration-ms="171" status="PASS">
          <reporter-output>
          </reporter-output>
        </test-method> <!-- tearDown -->
        <test-method is-config="true" signature="setUp()[pri:0, instance:tests.ExcelLoginTestData@63a65a25]" started-at="2026-03-04T10:37:37 IST" name="setUp" finished-at="2026-03-04T10:38:01 IST" duration-ms="23641" status="PASS">
          <reporter-output>
          </reporter-output>
        </test-method> <!-- setUp -->
        <test-method signature="loginTest(java.util.Map)[pri:0, instance:tests.ExcelLoginTestData@63a65a25]" started-at="2026-03-04T10:38:01 IST" name="loginTest" data-provider="loginData" finished-at="2026-03-04T10:38:02 IST" duration-ms="1395" status="PASS">
          <params>
            <param index="0">
              <value>
                <![CDATA[{TestCase=Valid Login 4, Username=error_user, Password=secret_sauce, ExpectedResult=success, Description=Error user with valid credentials}]]>
              </value>
            </param>
          </params>
          <reporter-output>
          </reporter-output>
        </test-method> <!-- loginTest -->
        <test-method is-config="true" signature="tearDown()[pri:0, instance:tests.ExcelLoginTestData@63a65a25]" started-at="2026-03-04T10:38:02 IST" name="tearDown" finished-at="2026-03-04T10:38:02 IST" duration-ms="196" status="PASS">
          <reporter-output>
          </reporter-output>
        </test-method> <!-- tearDown -->
        <test-method is-config="true" signature="setUp()[pri:0, instance:tests.ExcelLoginTestData@63a65a25]" started-at="2026-03-04T10:38:02 IST" name="setUp" finished-at="2026-03-04T10:38:10 IST" duration-ms="7474" status="PASS">
          <reporter-output>
          </reporter-output>
        </test-method> <!-- setUp -->
        <test-method signature="loginTest(java.util.Map)[pri:0, instance:tests.ExcelLoginTestData@63a65a25]" started-at="2026-03-04T10:38:10 IST" name="loginTest" data-provider="loginData" finished-at="2026-03-04T10:38:11 IST" duration-ms="1128" status="PASS">
          <params>
            <param index="0">
              <value>
                <![CDATA[{TestCase=Valid Login 5, Username=visual_user, Password=secret_sauce, ExpectedResult=success, Description=Visual user with valid credentials}]]>
              </value>
            </param>
          </params>
          <reporter-output>
          </reporter-output>
        </test-method> <!-- loginTest -->
        <test-method is-config="true" signature="tearDown()[pri:0, instance:tests.ExcelLoginTestData@63a65a25]" started-at="2026-03-04T10:38:11 IST" name="tearDown" finished-at="2026-03-04T10:38:11 IST" duration-ms="149" status="PASS">
          <reporter-output>
          </reporter-output>
        </test-method> <!-- tearDown -->
        <test-method is-config="true" signature="setUp()[pri:0, instance:tests.ExcelLoginTestData@63a65a25]" started-at="2026-03-04T10:38:11 IST" name="setUp" finished-at="2026-03-04T10:38:31 IST" duration-ms="19391" status="PASS">
          <reporter-output>
          </reporter-output>
        </test-method> <!-- setUp -->
        <test-method signature="loginTest(java.util.Map)[pri:0, instance:tests.ExcelLoginTestData@63a65a25]" started-at="2026-03-04T10:38:31 IST" name="loginTest" data-provider="loginData" finished-at="2026-03-04T10:38:31 IST" duration-ms="436" status="PASS">
          <params>
            <param index="0">
              <value>
                <![CDATA[{TestCase=Invalid Login 1, Username=invalid_user, Password=secret_sauce, ExpectedResult=failed, Description=Invalid username}]]>
              </value>
            </param>
          </params>
          <reporter-output>
          </reporter-output>
        </test-method> <!-- loginTest -->
        <test-method is-config="true" signature="tearDown()[pri:0, instance:tests.ExcelLoginTestData@63a65a25]" started-at="2026-03-04T10:38:31 IST" name="tearDown" finished-at="2026-03-04T10:38:31 IST" duration-ms="137" status="PASS">
          <reporter-output>
          </reporter-output>
        </test-method> <!-- tearDown -->
        <test-method is-config="true" signature="setUp()[pri:0, instance:tests.ExcelLoginTestData@63a65a25]" started-at="2026-03-04T10:38:31 IST" name="setUp" finished-at="2026-03-04T10:38:38 IST" duration-ms="7013" status="PASS">
          <reporter-output>
          </reporter-output>
        </test-method> <!-- setUp -->
        <test-method signature="loginTest(java.util.Map)[pri:0, instance:tests.ExcelLoginTestData@63a65a25]" started-at="2026-03-04T10:38:38 IST" name="loginTest" data-provider="loginData" finished-at="2026-03-04T10:38:39 IST" duration-ms="371" status="PASS">
          <params>
            <param index="0">
              <value>
                <![CDATA[{TestCase=Invalid Login 2, Username=standard_user, Password=wrong_password, ExpectedResult=failed, Description=Invalid password}]]>
              </value>
            </param>
          </params>
          <reporter-output>
          </reporter-output>
        </test-method> <!-- loginTest -->
        <test-method is-config="true" signature="tearDown()[pri:0, instance:tests.ExcelLoginTestData@63a65a25]" started-at="2026-03-04T10:38:39 IST" name="tearDown" finished-at="2026-03-04T10:38:39 IST" duration-ms="153" status="PASS">
          <reporter-output>
          </reporter-output>
        </test-method> <!-- tearDown -->
        <test-method is-config="true" signature="setUp()[pri:0, instance:tests.ExcelLoginTestData@63a65a25]" started-at="2026-03-04T10:38:39 IST" name="setUp" finished-at="2026-03-04T10:38:46 IST" duration-ms="7487" status="PASS">
          <reporter-output>
          </reporter-output>
        </test-method> <!-- setUp -->
        <test-method signature="loginTest(java.util.Map)[pri:0, instance:tests.ExcelLoginTestData@63a65a25]" started-at="2026-03-04T10:38:46 IST" name="loginTest" data-provider="loginData" finished-at="2026-03-04T10:38:47 IST" duration-ms="309" status="PASS">
          <params>
            <param index="0">
              <value>
                <![CDATA[{TestCase=Invalid Login 3, Username=, Password=secret_sauce, ExpectedResult=failed, Description=Empty username}]]>
              </value>
            </param>
          </params>
          <reporter-output>
          </reporter-output>
        </test-method> <!-- loginTest -->
        <test-method is-config="true" signature="tearDown()[pri:0, instance:tests.ExcelLoginTestData@63a65a25]" started-at="2026-03-04T10:38:47 IST" name="tearDown" finished-at="2026-03-04T10:38:47 IST" duration-ms="173" status="PASS">
          <reporter-output>
          </reporter-output>
        </test-method> <!-- tearDown -->
        <test-method is-config="true" signature="setUp()[pri:0, instance:tests.ExcelLoginTestData@63a65a25]" started-at="2026-03-04T10:38:47 IST" name="setUp" finished-at="2026-03-04T10:38:59 IST" duration-ms="12015" status="PASS">
          <reporter-output>
          </reporter-output>
        </test-method> <!-- setUp -->
        <test-method signature="loginTest(java.util.Map)[pri:0, instance:tests.ExcelLoginTestData@63a65a25]" started-at="2026-03-04T10:38:59 IST" name="loginTest" data-provider="loginData" finished-at="2026-03-04T10:38:59 IST" duration-ms="334" status="PASS">
          <params>
            <param index="0">
              <value>
                <![CDATA[{TestCase=Invalid Login 4, Username=standard_user, Password=, ExpectedResult=failed, Description=Empty password}]]>
              </value>
            </param>
          </params>
          <reporter-output>
          </reporter-output>
        </test-method> <!-- loginTest -->
        <test-method is-config="true" signature="tearDown()[pri:0, instance:tests.ExcelLoginTestData@63a65a25]" started-at="2026-03-04T10:38:59 IST" name="tearDown" finished-at="2026-03-04T10:38:59 IST" duration-ms="157" status="PASS">
          <reporter-output>
          </reporter-output>
        </test-method> <!-- tearDown -->
        <test-method is-config="true" signature="setUp()[pri:0, instance:tests.ExcelLoginTestData@63a65a25]" started-at="2026-03-04T10:38:59 IST" name="setUp" finished-at="2026-03-04T10:39:08 IST" duration-ms="9096" status="PASS">
          <reporter-output>
          </reporter-output>
        </test-method> <!-- setUp -->
        <test-method signature="loginTest(java.util.Map)[pri:0, instance:tests.ExcelLoginTestData@63a65a25]" started-at="2026-03-04T10:39:08 IST" name="loginTest" data-provider="loginData" finished-at="2026-03-04T10:39:09 IST" duration-ms="511" status="PASS">
          <params>
            <param index="0">
              <value>
                <![CDATA[{TestCase=Invalid Login 5, Username=locked_out_user, Password=secret_sauce, ExpectedResult=locked, Description=Locked out user}]]>
              </value>
            </param>
          </params>
          <reporter-output>
          </reporter-output>
        </test-method> <!-- loginTest -->
        <test-method is-config="true" signature="tearDown()[pri:0, instance:tests.ExcelLoginTestData@63a65a25]" started-at="2026-03-04T10:39:09 IST" name="tearDown" finished-at="2026-03-04T10:39:09 IST" duration-ms="266" status="PASS">
          <reporter-output>
          </reporter-output>
        </test-method> <!-- tearDown -->
      </class> <!-- tests.ExcelLoginTestData -->
    </test> <!-- Data Driven Login Tests -->
  </suite> <!-- SauceDemo Login Test Suite -->
</testng-results>
