<?xml version="1.0" encoding="UTF-8"?>
<testsuite xmlns:xsi="http://www.w3.org/2001/XMLSchema-instance" xsi:noNamespaceSchemaLocation="https://maven.apache.org/surefire/maven-surefire-plugin/xsd/surefire-test-report-3.0.xsd" version="3.0" name="TestSuite" time="141.951" tests="10" errors="0" skipped="0" failures="0">
  <properties>
[...]
</properties>
  <testcase name="loginTest[{TestCase=Valid Login 1, Username=standard_user, Password=secret_sauce, ExpectedResult=success, Description=Standard user with valid credentials}](1)" classname="tests.ExcelLoginTestData" time="1.174">
    <system-out><![CDATA[✅ Successfully read 10 rows from Excel
✅ Opened URL: https://www.saucedemo.com/
==================================================
TEST CASE: Valid Login 1
Description: Standard user with valid credentials
Username: standard_user
Password: secret_sauce
Expected Result: success
==================================================
✅ PASS - Valid Login 1
✅ Login successful for: standard_user
✅ Products page displayed correctly
✅ Logged out successfully
--------------------------------------------------

]]></system-out>
    <system-err><![CDATA[SLF4J: Failed to load class "org.slf4j.impl.StaticLoggerBinder".
SLF4J: Defaulting to no-operation (NOP) logger implementation
SLF4J: See http://www.slf4j.org/codes.html#StaticLoggerBinder for further details.
Mar 04, 2026 10:36:50 AM org.openqa.selenium.devtools.CdpVersionFinder findNearestMatch
WARNING: Unable to find CDP implementation matching 145
Mar 04, 2026 10:36:50 AM org.openqa.selenium.chromium.ChromiumDriver lambda$new$5
WARNING: Unable to find version of CDP to use for 145.0.7632.117. You may need to include a dependency on a specific version of the CDP using something similar to `org.seleniumhq.selenium:selenium-devtools-v86:4.18.1` where the version ("v86") matches the version of the chromium-based browser you're using and the version number of the artifact is the same as Selenium's.
]]></system-err>
  </testcase>
  <testcase name="loginTest[{TestCase=Valid Login 2, Username=problem_user, Password=secret_sauce, ExpectedResult=success, Description=Problem user with valid credentials}](2)" classname="tests.ExcelLoginTestData" time="1.133">
    <system-out><![CDATA[✅ Browser closed

✅ Opened URL: https://www.saucedemo.com/
==================================================
TEST CASE: Valid Login 2
Description: Problem user with valid credentials
Username: problem_user
Password: secret_sauce
Expected Result: success
==================================================
✅ PASS - Valid Login 2
✅ Login successful for: problem_user
✅ Products page displayed correctly
✅ Logged out successfully
--------------------------------------------------

]]></system-out>
    <system-err><![CDATA[Mar 04, 2026 10:37:04 AM org.openqa.selenium.devtools.CdpVersionFinder findNearestMatch
WARNING: Unable to find CDP implementation matching 145
Mar 04, 2026 10:37:04 AM org.openqa.selenium.chromium.ChromiumDriver lambda$new$5
WARNING: Unable to find version of CDP to use for 145.0.7632.117. You may need to include a dependency on a specific version of the CDP using something similar to `org.seleniumhq.selenium:selenium-devtools-v86:4.18.1` where the version ("v86") matches the version of the chromium-based browser you're using and the version number of the artifact is the same as Selenium's.
]]></system-err>
  </testcase>
  <testcase name="loginTest[{TestCase=Valid Login 3, Username=performance_glitch_user, Password=secret_sauce, ExpectedResult=success, Description=Performance glitch user}](3)" classname="tests.ExcelLoginTestData" time="6.365">
    <system-out><![CDATA[✅ Browser closed

✅ Opened URL: https://www.saucedemo.com/
==================================================
TEST CASE: Valid Login 3
Description: Performance glitch user
Username: performance_glitch_user
Password: secret_sauce
Expected Result: success
==================================================
✅ PASS - Valid Login 3
✅ Login successful for: performance_glitch_user
✅ Products page displayed correctly
✅ Logged out successfully
--------------------------------------------------

]]></system-out>
    <system-err><![CDATA[Mar 04, 2026 10:37:23 AM org.openqa.selenium.devtools.CdpVersionFinder findNearestMatch
WARNING: Unable to find CDP implementation matching 145
Mar 04, 2026 10:37:23 AM org.openqa.selenium.chromium.ChromiumDriver lambda$new$5
WARNING: Unable to find version of CDP to use for 145.0.7632.117. You may need to include a dependency on a specific version of the CDP using something similar to `org.seleniumhq.selenium:selenium-devtools-v86:4.18.1` where the version ("v86") matches the version of the chromium-based browser you're using and the version number of the artifact is the same as Selenium's.
]]></system-err>
  </testcase>
  <testcase name="loginTest[{TestCase=Valid Login 4, Username=error_user, Password=secret_sauce, ExpectedResult=success, Description=Error user with valid credentials}](4)" classname="tests.ExcelLoginTestData" time="1.395">
    <system-out><![CDATA[✅ Browser closed

✅ Opened URL: https://www.saucedemo.com/
==================================================
TEST CASE: Valid Login 4
Description: Error user with valid credentials
Username: error_user
Password: secret_sauce
Expected Result: success
==================================================
✅ PASS - Valid Login 4
✅ Login successful for: error_user
✅ Products page displayed correctly
✅ Logged out successfully
--------------------------------------------------

]]></system-out>
    <system-err><![CDATA[Mar 04, 2026 10:37:38 AM org.openqa.selenium.devtools.CdpVersionFinder findNearestMatch
WARNING: Unable to find CDP implementation matching 145
Mar 04, 2026 10:37:38 AM org.openqa.selenium.chromium.ChromiumDriver lambda$new$5
WARNING: Unable to find version of CDP to use for 145.0.7632.117. You may need to include a dependency on a specific version of the CDP using something similar to `org.seleniumhq.selenium:selenium-devtools-v86:4.18.1` where the version ("v86") matches the version of the chromium-based browser you're using and the version number of the artifact is the same as Selenium's.
]]></system-err>
  </testcase>
  <testcase name="loginTest[{TestCase=Valid Login 5, Username=visual_user, Password=secret_sauce, ExpectedResult=success, Description=Visual user with valid credentials}](5)" classname="tests.ExcelLoginTestData" time="1.129">
    <system-out><![CDATA[✅ Browser closed

✅ Opened URL: https://www.saucedemo.com/
==================================================
TEST CASE: Valid Login 5
Description: Visual user with valid credentials
Username: visual_user
Password: secret_sauce
Expected Result: success
==================================================
✅ PASS - Valid Login 5
✅ Login successful for: visual_user
✅ Products page displayed correctly
✅ Logged out successfully
--------------------------------------------------

]]></system-out>
    <system-err><![CDATA[Mar 04, 2026 10:38:04 AM org.openqa.selenium.devtools.CdpVersionFinder findNearestMatch
WARNING: Unable to find CDP implementation matching 145
Mar 04, 2026 10:38:04 AM org.openqa.selenium.chromium.ChromiumDriver lambda$new$5
WARNING: Unable to find version of CDP to use for 145.0.7632.117. You may need to include a dependency on a specific version of the CDP using something similar to `org.seleniumhq.selenium:selenium-devtools-v86:4.18.1` where the version ("v86") matches the version of the chromium-based browser you're using and the version number of the artifact is the same as Selenium's.
]]></system-err>
  </testcase>
  <testcase name="loginTest[{TestCase=Invalid Login 1, Username=invalid_user, Password=secret_sauce, ExpectedResult=failed, Description=Invalid username}](6)" classname="tests.ExcelLoginTestData" time="0.437">
    <system-out><![CDATA[✅ Browser closed

✅ Opened URL: https://www.saucedemo.com/
==================================================
TEST CASE: Invalid Login 1
Description: Invalid username
Username: invalid_user
Password: secret_sauce
Expected Result: failed
==================================================
✅ PASS - Invalid Login 1
✅ Login failed as expected for: invalid_user
✅ Error message: Epic sadface: Username and password do not match any user in this service
--------------------------------------------------

]]></system-out>
    <system-err><![CDATA[Mar 04, 2026 10:38:12 AM org.openqa.selenium.devtools.CdpVersionFinder findNearestMatch
WARNING: Unable to find CDP implementation matching 145
Mar 04, 2026 10:38:12 AM org.openqa.selenium.chromium.ChromiumDriver lambda$new$5
WARNING: Unable to find version of CDP to use for 145.0.7632.117. You may need to include a dependency on a specific version of the CDP using something similar to `org.seleniumhq.selenium:selenium-devtools-v86:4.18.1` where the version ("v86") matches the version of the chromium-based browser you're using and the version number of the artifact is the same as Selenium's.
]]></system-err>
  </testcase>
  <testcase name="loginTest[{TestCase=Invalid Login 2, Username=standard_user, Password=wrong_password, ExpectedResult=failed, Description=Invalid password}](7)" classname="tests.ExcelLoginTestData" time="0.372">
    <system-out><![CDATA[✅ Browser closed

✅ Opened URL: https://www.saucedemo.com/
==================================================
TEST CASE: Invalid Login 2
Description: Invalid password
Username: standard_user
Password: wrong_password
Expected Result: failed
==================================================
✅ PASS - Invalid Login 2
✅ Login failed as expected for: standard_user
✅ Error message: Epic sadface: Username and password do not match any user in this service
--------------------------------------------------

]]></system-out>
    <system-err><![CDATA[Mar 04, 2026 10:38:32 AM org.openqa.selenium.devtools.CdpVersionFinder findNearestMatch
WARNING: Unable to find CDP implementation matching 145
Mar 04, 2026 10:38:32 AM org.openqa.selenium.chromium.ChromiumDriver lambda$new$5
WARNING: Unable to find version of CDP to use for 145.0.7632.117. You may need to include a dependency on a specific version of the CDP using something similar to `org.seleniumhq.selenium:selenium-devtools-v86:4.18.1` where the version ("v86") matches the version of the chromium-based browser you're using and the version number of the artifact is the same as Selenium's.
]]></system-err>
  </testcase>
  <testcase name="loginTest[{TestCase=Invalid Login 3, Username=, Password=secret_sauce, ExpectedResult=failed, Description=Empty username}](8)" classname="tests.ExcelLoginTestData" time="0.309">
    <system-out><![CDATA[✅ Browser closed

✅ Opened URL: https://www.saucedemo.com/
==================================================
TEST CASE: Invalid Login 3
Description: Empty username
Username: 
Password: secret_sauce
Expected Result: failed
==================================================
✅ PASS - Invalid Login 3
✅ Login failed as expected for: 
✅ Error message: Epic sadface: Username is required
--------------------------------------------------

]]></system-out>
    <system-err><![CDATA[Mar 04, 2026 10:38:40 AM org.openqa.selenium.devtools.CdpVersionFinder findNearestMatch
WARNING: Unable to find CDP implementation matching 145
Mar 04, 2026 10:38:40 AM org.openqa.selenium.chromium.ChromiumDriver lambda$new$5
WARNING: Unable to find version of CDP to use for 145.0.7632.117. You may need to include a dependency on a specific version of the CDP using something similar to `org.seleniumhq.selenium:selenium-devtools-v86:4.18.1` where the version ("v86") matches the version of the chromium-based browser you're using and the version number of the artifact is the same as Selenium's.
]]></system-err>
  </testcase>
  <testcase name="loginTest[{TestCase=Invalid Login 4, Username=standard_user, Password=, ExpectedResult=failed, Description=Empty password}](9)" classname="tests.ExcelLoginTestData" time="0.334">
    <system-out><![CDATA[✅ Browser closed

✅ Opened URL: https://www.saucedemo.com/
==================================================
TEST CASE: Invalid Login 4
Description: Empty password
Username: standard_user
Password: 
Expected Result: failed
==================================================
✅ PASS - Invalid Login 4
✅ Login failed as expected for: standard_user
✅ Error message: Epic sadface: Password is required
--------------------------------------------------

]]></system-out>
    <system-err><![CDATA[Mar 04, 2026 10:38:48 AM org.openqa.selenium.devtools.CdpVersionFinder findNearestMatch
WARNING: Unable to find CDP implementation matching 145
Mar 04, 2026 10:38:48 AM org.openqa.selenium.chromium.ChromiumDriver lambda$new$5
WARNING: Unable to find version of CDP to use for 145.0.7632.117. You may need to include a dependency on a specific version of the CDP using something similar to `org.seleniumhq.selenium:selenium-devtools-v86:4.18.1` where the version ("v86") matches the version of the chromium-based browser you're using and the version number of the artifact is the same as Selenium's.
]]></system-err>
  </testcase>
  <testcase name="loginTest[{TestCase=Invalid Login 5, Username=locked_out_user, Password=secret_sauce, ExpectedResult=locked, Description=Locked out user}](10)" classname="tests.ExcelLoginTestData" time="0.511">
    <system-out><![CDATA[✅ Browser closed

✅ Opened URL: https://www.saucedemo.com/
==================================================
TEST CASE: Invalid Login 5
Description: Locked out user
Username: locked_out_user
Password: secret_sauce
Expected Result: locked
==================================================
✅ PASS - Invalid Login 5
✅ User is locked out as expected
--------------------------------------------------

]]></system-out>
    <system-err><![CDATA[Mar 04, 2026 10:39:00 AM org.openqa.selenium.devtools.CdpVersionFinder findNearestMatch
WARNING: Unable to find CDP implementation matching 145
Mar 04, 2026 10:39:00 AM org.openqa.selenium.chromium.ChromiumDriver lambda$new$5
WARNING: Unable to find version of CDP to use for 145.0.7632.117. You may need to include a dependency on a specific version of the CDP using something similar to `org.seleniumhq.selenium:selenium-devtools-v86:4.18.1` where the version ("v86") matches the version of the chromium-based browser you're using and the version number of the artifact is the same as Selenium's.
]]></system-err>
  </testcase>
</testsuite>