<?xml version="1.0" encoding="UTF-8"?>
<testng-results ignored="0" total="10" passed="5" failed="5" skipped="0">
  <reporter-output>
  </reporter-output>
  <suite started-at="2026-03-04T13:14:44 IST" name="SauceDemo E2E Test Suite" finished-at="2026-03-04T13:17:26 IST" duration-ms="161347">
    <groups>
    </groups>
    <test started-at="2026-03-04T13:14:44 IST" name="E2E Data Driven Tests" finished-at="2026-03-04T13:17:26 IST" duration-ms="161347">
      <class name="tests.ExcelLoginTestData">
        <test-method is-config="true" signature="createScreenshotFolder()[pri:0, instance:tests.ExcelLoginTestData@3835c46]" started-at="2026-03-04T13:14:44 IST" name="createScreenshotFolder" finished-at="2026-03-04T13:14:44 IST" duration-ms="7" status="PASS">
          <reporter-output>
          </reporter-output>
        </test-method> <!-- createScreenshotFolder -->
        <test-method is-config="true" signature="setUp()[pri:0, instance:tests.ExcelLoginTestData@3835c46]" started-at="2026-03-04T13:14:45 IST" name="setUp" finished-at="2026-03-04T13:14:46 IST" duration-ms="1300" status="PASS">
          <reporter-output>
          </reporter-output>
        </test-method> <!-- setUp -->
        <test-method signature="ecommerceTest(java.util.Map)[pri:0, instance:tests.ExcelLoginTestData@3835c46]" started-at="2026-03-04T13:14:46 IST" name="ecommerceTest" data-provider="loginData" finished-at="2026-03-04T13:14:53 IST" duration-ms="7411" status="PASS">
          <params>
            <param index="0">
              <value>
                <![CDATA[{TestCase=Login Test, Username=standard_user, Password=secret_sauce, ExpectedResult=pass, TestType=login, FirstName=, LastName=, PostalCode=, Description=Valid login test}]]>
              </value>
            </param>
          </params>
          <reporter-output>
          </reporter-output>
        </test-method> <!-- ecommerceTest -->
        <test-method is-config="true" signature="tearDown(org.testng.ITestResult)[pri:0, instance:tests.ExcelLoginTestData@3835c46]" started-at="2026-03-04T13:14:53 IST" name="tearDown" finished-at="2026-03-04T13:14:54 IST" duration-ms="167" status="PASS">
          <params>
            <param index="0">
              <value>
                <![CDATA[[TestResult name=ecommerceTest status=SUCCESS method=ExcelLoginTestData.ecommerceTest(java.util.Map)[pri:0, instance:tests.ExcelLoginTestData@3835c46] output={null}]]]>
              </value>
            </param>
          </params>
          <reporter-output>
          </reporter-output>
        </test-method> <!-- tearDown -->
        <test-method is-config="true" signature="setUp()[pri:0, instance:tests.ExcelLoginTestData@3835c46]" started-at="2026-03-04T13:14:54 IST" name="setUp" finished-at="2026-03-04T13:14:55 IST" duration-ms="975" status="PASS">
          <reporter-output>
          </reporter-output>
        </test-method> <!-- setUp -->
        <test-method signature="ecommerceTest(java.util.Map)[pri:0, instance:tests.ExcelLoginTestData@3835c46]" started-at="2026-03-04T13:14:55 IST" name="ecommerceTest" data-provider="loginData" finished-at="2026-03-04T13:15:08 IST" duration-ms="13788" status="PASS">
          <params>
            <param index="0">
              <value>
                <![CDATA[{TestCase=Add to Cart Test, Username=standard_user, Password=secret_sauce, ExpectedResult=pass, TestType=addtocart, FirstName=, LastName=, PostalCode=, Description=Add products to cart test}]]>
              </value>
            </param>
          </params>
          <reporter-output>
          </reporter-output>
        </test-method> <!-- ecommerceTest -->
        <test-method is-config="true" signature="tearDown(org.testng.ITestResult)[pri:0, instance:tests.ExcelLoginTestData@3835c46]" started-at="2026-03-04T13:15:08 IST" name="tearDown" finished-at="2026-03-04T13:15:09 IST" duration-ms="210" status="PASS">
          <params>
            <param index="0">
              <value>
                <![CDATA[[TestResult name=ecommerceTest status=SUCCESS method=ExcelLoginTestData.ecommerceTest(java.util.Map)[pri:0, instance:tests.ExcelLoginTestData@3835c46] output={null}]]]>
              </value>
            </param>
          </params>
          <reporter-output>
          </reporter-output>
        </test-method> <!-- tearDown -->
        <test-method is-config="true" signature="setUp()[pri:0, instance:tests.ExcelLoginTestData@3835c46]" started-at="2026-03-04T13:15:09 IST" name="setUp" finished-at="2026-03-04T13:15:10 IST" duration-ms="1037" status="PASS">
          <reporter-output>
          </reporter-output>
        </test-method> <!-- setUp -->
        <test-method signature="ecommerceTest(java.util.Map)[pri:0, instance:tests.ExcelLoginTestData@3835c46]" started-at="2026-03-04T13:15:10 IST" name="ecommerceTest" data-provider="loginData" finished-at="2026-03-04T13:15:33 IST" duration-ms="23461" status="PASS">
          <params>
            <param index="0">
              <value>
                <![CDATA[{TestCase=Checkout Test, Username=standard_user, Password=secret_sauce, ExpectedResult=pass, TestType=checkout, FirstName=John, LastName=Doe, PostalCode=12345, Description=Complete checkout test}]]>
              </value>
            </param>
          </params>
          <reporter-output>
          </reporter-output>
        </test-method> <!-- ecommerceTest -->
        <test-method is-config="true" signature="tearDown(org.testng.ITestResult)[pri:0, instance:tests.ExcelLoginTestData@3835c46]" started-at="2026-03-04T13:15:33 IST" name="tearDown" finished-at="2026-03-04T13:15:33 IST" duration-ms="184" status="PASS">
          <params>
            <param index="0">
              <value>
                <![CDATA[[TestResult name=ecommerceTest status=SUCCESS method=ExcelLoginTestData.ecommerceTest(java.util.Map)[pri:0, instance:tests.ExcelLoginTestData@3835c46] output={null}]]]>
              </value>
            </param>
          </params>
          <reporter-output>
          </reporter-output>
        </test-method> <!-- tearDown -->
        <test-method is-config="true" signature="setUp()[pri:0, instance:tests.ExcelLoginTestData@3835c46]" started-at="2026-03-04T13:15:33 IST" name="setUp" finished-at="2026-03-04T13:15:34 IST" duration-ms="979" status="PASS">
          <reporter-output>
          </reporter-output>
        </test-method> <!-- setUp -->
        <test-method signature="ecommerceTest(java.util.Map)[pri:0, instance:tests.ExcelLoginTestData@3835c46]" started-at="2026-03-04T13:15:34 IST" name="ecommerceTest" data-provider="loginData" finished-at="2026-03-04T13:15:58 IST" duration-ms="23596" status="PASS">
          <params>
            <param index="0">
              <value>
                <![CDATA[{TestCase=Order Complete Test, Username=standard_user, Password=secret_sauce, ExpectedResult=pass, TestType=fullorder, FirstName=John, LastName=Doe, PostalCode=12345, Description=Full order completion test}]]>
              </value>
            </param>
          </params>
          <reporter-output>
          </reporter-output>
        </test-method> <!-- ecommerceTest -->
        <test-method is-config="true" signature="tearDown(org.testng.ITestResult)[pri:0, instance:tests.ExcelLoginTestData@3835c46]" started-at="2026-03-04T13:15:58 IST" name="tearDown" finished-at="2026-03-04T13:15:58 IST" duration-ms="129" status="PASS">
          <params>
            <param index="0">
              <value>
                <![CDATA[[TestResult name=ecommerceTest status=SUCCESS method=ExcelLoginTestData.ecommerceTest(java.util.Map)[pri:0, instance:tests.ExcelLoginTestData@3835c46] output={null}]]]>
              </value>
            </param>
          </params>
          <reporter-output>
          </reporter-output>
        </test-method> <!-- tearDown -->
        <test-method is-config="true" signature="setUp()[pri:0, instance:tests.ExcelLoginTestData@3835c46]" started-at="2026-03-04T13:15:58 IST" name="setUp" finished-at="2026-03-04T13:15:59 IST" duration-ms="986" status="PASS">
          <reporter-output>
          </reporter-output>
        </test-method> <!-- setUp -->
        <test-method signature="ecommerceTest(java.util.Map)[pri:0, instance:tests.ExcelLoginTestData@3835c46]" started-at="2026-03-04T13:15:59 IST" name="ecommerceTest" data-provider="loginData" finished-at="2026-03-04T13:16:07 IST" duration-ms="7838" status="PASS">
          <params>
            <param index="0">
              <value>
                <![CDATA[{TestCase=Valid User Test, Username=standard_user, Password=secret_sauce, ExpectedResult=pass, TestType=login, FirstName=, LastName=, PostalCode=, Description=Another valid login test}]]>
              </value>
            </param>
          </params>
          <reporter-output>
          </reporter-output>
        </test-method> <!-- ecommerceTest -->
        <test-method is-config="true" signature="tearDown(org.testng.ITestResult)[pri:0, instance:tests.ExcelLoginTestData@3835c46]" started-at="2026-03-04T13:16:07 IST" name="tearDown" finished-at="2026-03-04T13:16:07 IST" duration-ms="159" status="PASS">
          <params>
            <param index="0">
              <value>
                <![CDATA[[TestResult name=ecommerceTest status=SUCCESS method=ExcelLoginTestData.ecommerceTest(java.util.Map)[pri:0, instance:tests.ExcelLoginTestData@3835c46] output={null}]]]>
              </value>
            </param>
          </params>
          <reporter-output>
          </reporter-output>
        </test-method> <!-- tearDown -->
        <test-method is-config="true" signature="setUp()[pri:0, instance:tests.ExcelLoginTestData@3835c46]" started-at="2026-03-04T13:16:07 IST" name="setUp" finished-at="2026-03-04T13:16:08 IST" duration-ms="1041" status="PASS">
          <reporter-output>
          </reporter-output>
        </test-method> <!-- setUp -->
        <test-method signature="ecommerceTest(java.util.Map)[pri:0, instance:tests.ExcelLoginTestData@3835c46]" started-at="2026-03-04T13:16:08 IST" name="ecommerceTest" data-provider="loginData" finished-at="2026-03-04T13:16:42 IST" duration-ms="34006" status="FAIL">
          <params>
            <param index="0">
              <value>
                <![CDATA[{TestCase=Invalid Credentials 1, Username=invalid_user, Password=secret_sauce, ExpectedResult=fail, TestType=loginfail, FirstName=, LastName=, PostalCode=, Description=Invalid username - MUST FAIL}]]>
              </value>
            </param>
          </params>
          <exception class="java.lang.AssertionError">
            <message>
              <![CDATA[LOGIN SHOULD FAIL! User: invalid_user expected [true] but found [false]]]>
            </message>
            <full-stacktrace>
              <![CDATA[java.lang.AssertionError: LOGIN SHOULD FAIL! User: invalid_user expected [true] but found [false]
at org.testng.Assert.fail(Assert.java:111)
at org.testng.Assert.failNotEquals(Assert.java:1578)
at org.testng.Assert.assertTrue(Assert.java:57)
at tests.ExcelLoginTestData.executeLoginFailTest(ExcelLoginTestData.java:359)
at tests.ExcelLoginTestData.ecommerceTest(ExcelLoginTestData.java:115)
at java.base/jdk.internal.reflect.DirectMethodHandleAccessor.invoke(DirectMethodHandleAccessor.java:104)
at java.base/java.lang.reflect.Method.invoke(Method.java:565)
at org.testng.internal.invokers.MethodInvocationHelper.invokeMethod(MethodInvocationHelper.java:139)
at org.testng.internal.invokers.TestInvoker.invokeMethod(TestInvoker.java:664)
at org.testng.internal.invokers.TestInvoker.invokeTestMethod(TestInvoker.java:227)
at org.testng.internal.invokers.MethodRunner.runInSequence(MethodRunner.java:50)
at org.testng.internal.invokers.TestInvoker$MethodInvocationAgent.invoke(TestInvoker.java:957)
at org.testng.internal.invokers.TestInvoker.invokeTestMethods(TestInvoker.java:200)
at org.testng.internal.invokers.TestMethodWorker.invokeTestMethods(TestMethodWorker.java:148)
at org.testng.internal.invokers.TestMethodWorker.run(TestMethodWorker.java:128)
at java.base/java.util.ArrayList.forEach(ArrayList.java:1604)
at org.testng.TestRunner.privateRun(TestRunner.java:848)
at org.testng.TestRunner.run(TestRunner.java:621)
at org.testng.SuiteRunner.runTest(SuiteRunner.java:443)
at org.testng.SuiteRunner.runSequentially(SuiteRunner.java:437)
at org.testng.SuiteRunner.privateRun(SuiteRunner.java:397)
at org.testng.SuiteRunner.run(SuiteRunner.java:336)
at org.testng.SuiteRunnerWorker.runSuite(SuiteRunnerWorker.java:52)
at org.testng.SuiteRunnerWorker.run(SuiteRunnerWorker.java:95)
at org.testng.TestNG.runSuitesSequentially(TestNG.java:1280)
at org.testng.TestNG.runSuitesLocally(TestNG.java:1200)
at org.testng.TestNG.runSuites(TestNG.java:1114)
at org.testng.TestNG.run(TestNG.java:1082)
at org.testng.remote.AbstractRemoteTestNG.run(AbstractRemoteTestNG.java:115)
at org.testng.remote.RemoteTestNG.initAndRun(RemoteTestNG.java:293)
at org.testng.remote.RemoteTestNG.main(RemoteTestNG.java:91)
]]>
            </full-stacktrace>
          </exception> <!-- java.lang.AssertionError -->
          <reporter-output>
          </reporter-output>
        </test-method> <!-- ecommerceTest -->
        <test-method is-config="true" signature="tearDown(org.testng.ITestResult)[pri:0, instance:tests.ExcelLoginTestData@3835c46]" started-at="2026-03-04T13:16:42 IST" name="tearDown" finished-at="2026-03-04T13:16:42 IST" duration-ms="265" status="PASS">
          <params>
            <param index="0">
              <value>
                <![CDATA[[TestResult name=ecommerceTest status=FAILURE method=ExcelLoginTestData.ecommerceTest(java.util.Map)[pri:0, instance:tests.ExcelLoginTestData@3835c46] output={null}]]]>
              </value>
            </param>
          </params>
          <reporter-output>
          </reporter-output>
        </test-method> <!-- tearDown -->
        <test-method is-config="true" signature="setUp()[pri:0, instance:tests.ExcelLoginTestData@3835c46]" started-at="2026-03-04T13:16:42 IST" name="setUp" finished-at="2026-03-04T13:16:43 IST" duration-ms="1037" status="PASS">
          <reporter-output>
          </reporter-output>
        </test-method> <!-- setUp -->
        <test-method signature="ecommerceTest(java.util.Map)[pri:0, instance:tests.ExcelLoginTestData@3835c46]" started-at="2026-03-04T13:16:43 IST" name="ecommerceTest" data-provider="loginData" finished-at="2026-03-04T13:16:55 IST" duration-ms="12161" status="FAIL">
          <params>
            <param index="0">
              <value>
                <![CDATA[{TestCase=Invalid Credentials 2, Username=standard_user, Password=wrong_password, ExpectedResult=fail, TestType=loginfail, FirstName=, LastName=, PostalCode=, Description=Invalid password - MUST FAIL}]]>
              </value>
            </param>
          </params>
          <exception class="java.lang.AssertionError">
            <message>
              <![CDATA[LOGIN SHOULD FAIL! User: standard_user expected [true] but found [false]]]>
            </message>
            <full-stacktrace>
              <![CDATA[java.lang.AssertionError: LOGIN SHOULD FAIL! User: standard_user expected [true] but found [false]
at org.testng.Assert.fail(Assert.java:111)
at org.testng.Assert.failNotEquals(Assert.java:1578)
at org.testng.Assert.assertTrue(Assert.java:57)
at tests.ExcelLoginTestData.executeLoginFailTest(ExcelLoginTestData.java:359)
at tests.ExcelLoginTestData.ecommerceTest(ExcelLoginTestData.java:115)
at java.base/jdk.internal.reflect.DirectMethodHandleAccessor.invoke(DirectMethodHandleAccessor.java:104)
at java.base/java.lang.reflect.Method.invoke(Method.java:565)
at org.testng.internal.invokers.MethodInvocationHelper.invokeMethod(MethodInvocationHelper.java:139)
at org.testng.internal.invokers.TestInvoker.invokeMethod(TestInvoker.java:664)
at org.testng.internal.invokers.TestInvoker.invokeTestMethod(TestInvoker.java:227)
at org.testng.internal.invokers.MethodRunner.runInSequence(MethodRunner.java:50)
at org.testng.internal.invokers.TestInvoker$MethodInvocationAgent.invoke(TestInvoker.java:957)
at org.testng.internal.invokers.TestInvoker.invokeTestMethods(TestInvoker.java:200)
at org.testng.internal.invokers.TestMethodWorker.invokeTestMethods(TestMethodWorker.java:148)
at org.testng.internal.invokers.TestMethodWorker.run(TestMethodWorker.java:128)
at java.base/java.util.ArrayList.forEach(ArrayList.java:1604)
at org.testng.TestRunner.privateRun(TestRunner.java:848)
at org.testng.TestRunner.run(TestRunner.java:621)
at org.testng.SuiteRunner.runTest(SuiteRunner.java:443)
at org.testng.SuiteRunner.runSequentially(SuiteRunner.java:437)
at org.testng.SuiteRunner.privateRun(SuiteRunner.java:397)
at org.testng.SuiteRunner.run(SuiteRunner.java:336)
at org.testng.SuiteRunnerWorker.runSuite(SuiteRunnerWorker.java:52)
at org.testng.SuiteRunnerWorker.run(SuiteRunnerWorker.java:95)
at org.testng.TestNG.runSuitesSequentially(TestNG.java:1280)
at org.testng.TestNG.runSuitesLocally(TestNG.java:1200)
at org.testng.TestNG.runSuites(TestNG.java:1114)
at org.testng.TestNG.run(TestNG.java:1082)
at org.testng.remote.AbstractRemoteTestNG.run(AbstractRemoteTestNG.java:115)
at org.testng.remote.RemoteTestNG.initAndRun(RemoteTestNG.java:293)
at org.testng.remote.RemoteTestNG.main(RemoteTestNG.java:91)
]]>
            </full-stacktrace>
          </exception> <!-- java.lang.AssertionError -->
          <reporter-output>
          </reporter-output>
        </test-method> <!-- ecommerceTest -->
        <test-method is-config="true" signature="tearDown(org.testng.ITestResult)[pri:0, instance:tests.ExcelLoginTestData@3835c46]" started-at="2026-03-04T13:16:55 IST" name="tearDown" finished-at="2026-03-04T13:16:56 IST" duration-ms="362" status="PASS">
          <params>
            <param index="0">
              <value>
                <![CDATA[[TestResult name=ecommerceTest status=FAILURE method=ExcelLoginTestData.ecommerceTest(java.util.Map)[pri:0, instance:tests.ExcelLoginTestData@3835c46] output={null}]]]>
              </value>
            </param>
          </params>
          <reporter-output>
          </reporter-output>
        </test-method> <!-- tearDown -->
        <test-method is-config="true" signature="setUp()[pri:0, instance:tests.ExcelLoginTestData@3835c46]" started-at="2026-03-04T13:16:56 IST" name="setUp" finished-at="2026-03-04T13:16:57 IST" duration-ms="1092" status="PASS">
          <reporter-output>
          </reporter-output>
        </test-method> <!-- setUp -->
        <test-method signature="ecommerceTest(java.util.Map)[pri:0, instance:tests.ExcelLoginTestData@3835c46]" started-at="2026-03-04T13:16:57 IST" name="ecommerceTest" data-provider="loginData" finished-at="2026-03-04T13:17:07 IST" duration-ms="9876" status="FAIL">
          <params>
            <param index="0">
              <value>
                <![CDATA[{TestCase=Empty Credentials Test, Username=, Password=, ExpectedResult=fail, TestType=loginfail, FirstName=, LastName=, PostalCode=, Description=Empty credentials - MUST FAIL}]]>
              </value>
            </param>
          </params>
          <exception class="java.lang.AssertionError">
            <message>
              <![CDATA[LOGIN SHOULD FAIL! User:  expected [true] but found [false]]]>
            </message>
            <full-stacktrace>
              <![CDATA[java.lang.AssertionError: LOGIN SHOULD FAIL! User:  expected [true] but found [false]
at org.testng.Assert.fail(Assert.java:111)
at org.testng.Assert.failNotEquals(Assert.java:1578)
at org.testng.Assert.assertTrue(Assert.java:57)
at tests.ExcelLoginTestData.executeLoginFailTest(ExcelLoginTestData.java:359)
at tests.ExcelLoginTestData.ecommerceTest(ExcelLoginTestData.java:115)
at java.base/jdk.internal.reflect.DirectMethodHandleAccessor.invoke(DirectMethodHandleAccessor.java:104)
at java.base/java.lang.reflect.Method.invoke(Method.java:565)
at org.testng.internal.invokers.MethodInvocationHelper.invokeMethod(MethodInvocationHelper.java:139)
at org.testng.internal.invokers.TestInvoker.invokeMethod(TestInvoker.java:664)
at org.testng.internal.invokers.TestInvoker.invokeTestMethod(TestInvoker.java:227)
at org.testng.internal.invokers.MethodRunner.runInSequence(MethodRunner.java:50)
at org.testng.internal.invokers.TestInvoker$MethodInvocationAgent.invoke(TestInvoker.java:957)
at org.testng.internal.invokers.TestInvoker.invokeTestMethods(TestInvoker.java:200)
at org.testng.internal.invokers.TestMethodWorker.invokeTestMethods(TestMethodWorker.java:148)
at org.testng.internal.invokers.TestMethodWorker.run(TestMethodWorker.java:128)
at java.base/java.util.ArrayList.forEach(ArrayList.java:1604)
at org.testng.TestRunner.privateRun(TestRunner.java:848)
at org.testng.TestRunner.run(TestRunner.java:621)
at org.testng.SuiteRunner.runTest(SuiteRunner.java:443)
at org.testng.SuiteRunner.runSequentially(SuiteRunner.java:437)
at org.testng.SuiteRunner.privateRun(SuiteRunner.java:397)
at org.testng.SuiteRunner.run(SuiteRunner.java:336)
at org.testng.SuiteRunnerWorker.runSuite(SuiteRunnerWorker.java:52)
at org.testng.SuiteRunnerWorker.run(SuiteRunnerWorker.java:95)
at org.testng.TestNG.runSuitesSequentially(TestNG.java:1280)
at org.testng.TestNG.runSuitesLocally(TestNG.java:1200)
at org.testng.TestNG.runSuites(TestNG.java:1114)
at org.testng.TestNG.run(TestNG.java:1082)
at org.testng.remote.AbstractRemoteTestNG.run(AbstractRemoteTestNG.java:115)
at org.testng.remote.RemoteTestNG.initAndRun(RemoteTestNG.java:293)
at org.testng.remote.RemoteTestNG.main(RemoteTestNG.java:91)
]]>
            </full-stacktrace>
          </exception> <!-- java.lang.AssertionError -->
          <reporter-output>
          </reporter-output>
        </test-method> <!-- ecommerceTest -->
        <test-method is-config="true" signature="tearDown(org.testng.ITestResult)[pri:0, instance:tests.ExcelLoginTestData@3835c46]" started-at="2026-03-04T13:17:07 IST" name="tearDown" finished-at="2026-03-04T13:17:07 IST" duration-ms="308" status="PASS">
          <params>
            <param index="0">
              <value>
                <![CDATA[[TestResult name=ecommerceTest status=FAILURE method=ExcelLoginTestData.ecommerceTest(java.util.Map)[pri:0, instance:tests.ExcelLoginTestData@3835c46] output={null}]]]>
              </value>
            </param>
          </params>
          <reporter-output>
          </reporter-output>
        </test-method> <!-- tearDown -->
        <test-method is-config="true" signature="setUp()[pri:0, instance:tests.ExcelLoginTestData@3835c46]" started-at="2026-03-04T13:17:07 IST" name="setUp" finished-at="2026-03-04T13:17:08 IST" duration-ms="1013" status="PASS">
          <reporter-output>
          </reporter-output>
        </test-method> <!-- setUp -->
        <test-method signature="ecommerceTest(java.util.Map)[pri:0, instance:tests.ExcelLoginTestData@3835c46]" started-at="2026-03-04T13:17:08 IST" name="ecommerceTest" data-provider="loginData" finished-at="2026-03-04T13:17:09 IST" duration-ms="487" status="FAIL">
          <params>
            <param index="0">
              <value>
                <![CDATA[{TestCase=Invalid Website Test, Username=standard_user, Password=secret_sauce, ExpectedResult=fail, TestType=invalidurl, FirstName=, LastName=, PostalCode=, Description=Invalid URL - MUST FAIL}]]>
              </value>
            </param>
          </params>
          <exception class="java.lang.AssertionError">
            <message>
              <![CDATA[INVALID URL TEST FAILED! Error: unknown error: net::ERR_NAME_NOT_RESOLVED]]>
            </message>
            <full-stacktrace>
              <![CDATA[java.lang.AssertionError: INVALID URL TEST FAILED! Error: unknown error: net::ERR_NAME_NOT_RESOLVED
at org.testng.Assert.fail(Assert.java:111)
at tests.ExcelLoginTestData.executeInvalidUrlFailTest(ExcelLoginTestData.java:376)
at tests.ExcelLoginTestData.ecommerceTest(ExcelLoginTestData.java:118)
at java.base/jdk.internal.reflect.DirectMethodHandleAccessor.invoke(DirectMethodHandleAccessor.java:104)
at java.base/java.lang.reflect.Method.invoke(Method.java:565)
at org.testng.internal.invokers.MethodInvocationHelper.invokeMethod(MethodInvocationHelper.java:139)
at org.testng.internal.invokers.TestInvoker.invokeMethod(TestInvoker.java:664)
at org.testng.internal.invokers.TestInvoker.invokeTestMethod(TestInvoker.java:227)
at org.testng.internal.invokers.MethodRunner.runInSequence(MethodRunner.java:50)
at org.testng.internal.invokers.TestInvoker$MethodInvocationAgent.invoke(TestInvoker.java:957)
at org.testng.internal.invokers.TestInvoker.invokeTestMethods(TestInvoker.java:200)
at org.testng.internal.invokers.TestMethodWorker.invokeTestMethods(TestMethodWorker.java:148)
at org.testng.internal.invokers.TestMethodWorker.run(TestMethodWorker.java:128)
at java.base/java.util.ArrayList.forEach(ArrayList.java:1604)
at org.testng.TestRunner.privateRun(TestRunner.java:848)
at org.testng.TestRunner.run(TestRunner.java:621)
at org.testng.SuiteRunner.runTest(SuiteRunner.java:443)
at org.testng.SuiteRunner.runSequentially(SuiteRunner.java:437)
at org.testng.SuiteRunner.privateRun(SuiteRunner.java:397)
at org.testng.SuiteRunner.run(SuiteRunner.java:336)
at org.testng.SuiteRunnerWorker.runSuite(SuiteRunnerWorker.java:52)
at org.testng.SuiteRunnerWorker.run(SuiteRunnerWorker.java:95)
at org.testng.TestNG.runSuitesSequentially(TestNG.java:1280)
at org.testng.TestNG.runSuitesLocally(TestNG.java:1200)
at org.testng.TestNG.runSuites(TestNG.java:1114)
at org.testng.TestNG.run(TestNG.java:1082)
at org.testng.remote.AbstractRemoteTestNG.run(AbstractRemoteTestNG.java:115)
at org.testng.remote.RemoteTestNG.initAndRun(RemoteTestNG.java:293)
at org.testng.remote.RemoteTestNG.main(RemoteTestNG.java:91)
]]>
            </full-stacktrace>
          </exception> <!-- java.lang.AssertionError -->
          <reporter-output>
          </reporter-output>
        </test-method> <!-- ecommerceTest -->
        <test-method is-config="true" signature="tearDown(org.testng.ITestResult)[pri:0, instance:tests.ExcelLoginTestData@3835c46]" started-at="2026-03-04T13:17:09 IST" name="tearDown" finished-at="2026-03-04T13:17:09 IST" duration-ms="260" status="PASS">
          <params>
            <param index="0">
              <value>
                <![CDATA[[TestResult name=ecommerceTest status=FAILURE method=ExcelLoginTestData.ecommerceTest(java.util.Map)[pri:0, instance:tests.ExcelLoginTestData@3835c46] output={null}]]]>
              </value>
            </param>
          </params>
          <reporter-output>
          </reporter-output>
        </test-method> <!-- tearDown -->
        <test-method is-config="true" signature="setUp()[pri:0, instance:tests.ExcelLoginTestData@3835c46]" started-at="2026-03-04T13:17:09 IST" name="setUp" finished-at="2026-03-04T13:17:10 IST" duration-ms="983" status="PASS">
          <reporter-output>
          </reporter-output>
        </test-method> <!-- setUp -->
        <test-method signature="ecommerceTest(java.util.Map)[pri:0, instance:tests.ExcelLoginTestData@3835c46]" started-at="2026-03-04T13:17:10 IST" name="ecommerceTest" data-provider="loginData" finished-at="2026-03-04T13:17:25 IST" duration-ms="15332" status="FAIL">
          <params>
            <param index="0">
              <value>
                <![CDATA[{TestCase=Invalid Details Test, Username=standard_user, Password=secret_sauce, ExpectedResult=fail, TestType=invaliddetails, FirstName=, LastName=, PostalCode=, Description=Empty checkout details - MUST FAIL}]]>
              </value>
            </param>
          </params>
          <exception class="java.lang.AssertionError">
            <message>
              <![CDATA[CHECKOUT SHOULD FAIL! Empty details not allowed! expected [true] but found [false]]]>
            </message>
            <full-stacktrace>
              <![CDATA[java.lang.AssertionError: CHECKOUT SHOULD FAIL! Empty details not allowed! expected [true] but found [false]
at org.testng.Assert.fail(Assert.java:111)
at org.testng.Assert.failNotEquals(Assert.java:1578)
at org.testng.Assert.assertTrue(Assert.java:57)
at tests.ExcelLoginTestData.executeInvalidDetailsFailTest(ExcelLoginTestData.java:417)
at tests.ExcelLoginTestData.ecommerceTest(ExcelLoginTestData.java:121)
at java.base/jdk.internal.reflect.DirectMethodHandleAccessor.invoke(DirectMethodHandleAccessor.java:104)
at java.base/java.lang.reflect.Method.invoke(Method.java:565)
at org.testng.internal.invokers.MethodInvocationHelper.invokeMethod(MethodInvocationHelper.java:139)
at org.testng.internal.invokers.TestInvoker.invokeMethod(TestInvoker.java:664)
at org.testng.internal.invokers.TestInvoker.invokeTestMethod(TestInvoker.java:227)
at org.testng.internal.invokers.MethodRunner.runInSequence(MethodRunner.java:50)
at org.testng.internal.invokers.TestInvoker$MethodInvocationAgent.invoke(TestInvoker.java:957)
at org.testng.internal.invokers.TestInvoker.invokeTestMethods(TestInvoker.java:200)
at org.testng.internal.invokers.TestMethodWorker.invokeTestMethods(TestMethodWorker.java:148)
at org.testng.internal.invokers.TestMethodWorker.run(TestMethodWorker.java:128)
at java.base/java.util.ArrayList.forEach(ArrayList.java:1604)
at org.testng.TestRunner.privateRun(TestRunner.java:848)
at org.testng.TestRunner.run(TestRunner.java:621)
at org.testng.SuiteRunner.runTest(SuiteRunner.java:443)
at org.testng.SuiteRunner.runSequentially(SuiteRunner.java:437)
at org.testng.SuiteRunner.privateRun(SuiteRunner.java:397)
at org.testng.SuiteRunner.run(SuiteRunner.java:336)
at org.testng.SuiteRunnerWorker.runSuite(SuiteRunnerWorker.java:52)
at org.testng.SuiteRunnerWorker.run(SuiteRunnerWorker.java:95)
at org.testng.TestNG.runSuitesSequentially(TestNG.java:1280)
at org.testng.TestNG.runSuitesLocally(TestNG.java:1200)
at org.testng.TestNG.runSuites(TestNG.java:1114)
at org.testng.TestNG.run(TestNG.java:1082)
at org.testng.remote.AbstractRemoteTestNG.run(AbstractRemoteTestNG.java:115)
at org.testng.remote.RemoteTestNG.initAndRun(RemoteTestNG.java:293)
at org.testng.remote.RemoteTestNG.main(RemoteTestNG.java:91)
]]>
            </full-stacktrace>
          </exception> <!-- java.lang.AssertionError -->
          <reporter-output>
          </reporter-output>
        </test-method> <!-- ecommerceTest -->
        <test-method is-config="true" signature="tearDown(org.testng.ITestResult)[pri:0, instance:tests.ExcelLoginTestData@3835c46]" started-at="2026-03-04T13:17:25 IST" name="tearDown" finished-at="2026-03-04T13:17:26 IST" duration-ms="355" status="PASS">
          <params>
            <param index="0">
              <value>
                <![CDATA[[TestResult name=ecommerceTest status=FAILURE method=ExcelLoginTestData.ecommerceTest(java.util.Map)[pri:0, instance:tests.ExcelLoginTestData@3835c46] output={null}]]]>
              </value>
            </param>
          </params>
          <reporter-output>
          </reporter-output>
        </test-method> <!-- tearDown -->
      </class> <!-- tests.ExcelLoginTestData -->
    </test> <!-- E2E Data Driven Tests -->
  </suite> <!-- SauceDemo E2E Test Suite -->
</testng-results>
