<?xml version="1.0" encoding="UTF-8"?>
<testng-results ignored="0" total="10" passed="10" failed="0" skipped="0">
  <reporter-output>
  </reporter-output>
  <suite started-at="2026-03-04T10:10:19 IST" name="SauceDemo Login Test Suite" finished-at="2026-03-04T10:17:03 IST" duration-ms="403764">
    <groups>
    </groups>
    <test started-at="2026-03-04T10:10:19 IST" name="Data Driven Login Tests" finished-at="2026-03-04T10:17:03 IST" duration-ms="403764">
      <class name="tests.ExcelLoginTestData">
        <test-method is-config="true" signature="setUp()[pri:0, instance:tests.ExcelLoginTestData@2f7298b]" started-at="2026-03-04T10:10:20 IST" name="setUp" finished-at="2026-03-04T10:10:34 IST" duration-ms="14287" status="PASS">
          <reporter-output>
          </reporter-output>
        </test-method> <!-- setUp -->
        <test-method signature="loginTest(java.util.Map)[pri:0, instance:tests.ExcelLoginTestData@2f7298b]" started-at="2026-03-04T10:10:34 IST" name="loginTest" data-provider="loginData" finished-at="2026-03-04T10:10:35 IST" duration-ms="781" status="PASS">
          <params>
            <param index="0">
              <value>
                <![CDATA[{TestCase=Valid Login 1, Username=standard_user, Password=secret_sauce, ExpectedResult=success, Description=Standard user with valid credentials}]]>
              </value>
            </param>
          </params>
          <reporter-output>
          </reporter-output>
        </test-method> <!-- loginTest -->
        <test-method is-config="true" signature="tearDown()[pri:0, instance:tests.ExcelLoginTestData@2f7298b]" started-at="2026-03-04T10:10:35 IST" name="tearDown" finished-at="2026-03-04T10:10:35 IST" duration-ms="261" status="PASS">
          <reporter-output>
          </reporter-output>
        </test-method> <!-- tearDown -->
        <test-method is-config="true" signature="setUp()[pri:0, instance:tests.ExcelLoginTestData@2f7298b]" started-at="2026-03-04T10:10:35 IST" name="setUp" finished-at="2026-03-04T10:10:48 IST" duration-ms="12241" status="PASS">
          <reporter-output>
          </reporter-output>
        </test-method> <!-- setUp -->
        <test-method signature="loginTest(java.util.Map)[pri:0, instance:tests.ExcelLoginTestData@2f7298b]" started-at="2026-03-04T10:10:48 IST" name="loginTest" data-provider="loginData" finished-at="2026-03-04T10:10:49 IST" duration-ms="1142" status="PASS">
          <params>
            <param index="0">
              <value>
                <![CDATA[{TestCase=Valid Login 2, Username=problem_user, Password=secret_sauce, ExpectedResult=success, Description=Problem user with valid credentials}]]>
              </value>
            </param>
          </params>
          <reporter-output>
          </reporter-output>
        </test-method> <!-- loginTest -->
        <test-method is-config="true" signature="tearDown()[pri:0, instance:tests.ExcelLoginTestData@2f7298b]" started-at="2026-03-04T10:10:49 IST" name="tearDown" finished-at="2026-03-04T10:10:49 IST" duration-ms="246" status="PASS">
          <reporter-output>
          </reporter-output>
        </test-method> <!-- tearDown -->
        <test-method is-config="true" signature="setUp()[pri:0, instance:tests.ExcelLoginTestData@2f7298b]" started-at="2026-03-04T10:10:49 IST" name="setUp" finished-at="2026-03-04T10:10:57 IST" duration-ms="7691" status="PASS">
          <reporter-output>
          </reporter-output>
        </test-method> <!-- setUp -->
        <test-method signature="loginTest(java.util.Map)[pri:0, instance:tests.ExcelLoginTestData@2f7298b]" started-at="2026-03-04T10:10:57 IST" name="loginTest" data-provider="loginData" finished-at="2026-03-04T10:11:03 IST" duration-ms="6228" status="PASS">
          <params>
            <param index="0">
              <value>
                <![CDATA[{TestCase=Valid Login 3, Username=performance_glitch_user, Password=secret_sauce, ExpectedResult=success, Description=Performance glitch user}]]>
              </value>
            </param>
          </params>
          <reporter-output>
          </reporter-output>
        </test-method> <!-- loginTest -->
        <test-method is-config="true" signature="tearDown()[pri:0, instance:tests.ExcelLoginTestData@2f7298b]" started-at="2026-03-04T10:11:03 IST" name="tearDown" finished-at="2026-03-04T10:11:03 IST" duration-ms="218" status="PASS">
          <reporter-output>
          </reporter-output>
        </test-method> <!-- tearDown -->
        <test-method is-config="true" signature="setUp()[pri:0, instance:tests.ExcelLoginTestData@2f7298b]" started-at="2026-03-04T10:11:03 IST" name="setUp" finished-at="2026-03-04T10:11:19 IST" duration-ms="16227" status="PASS">
          <reporter-output>
          </reporter-output>
        </test-method> <!-- setUp -->
        <test-method signature="loginTest(java.util.Map)[pri:0, instance:tests.ExcelLoginTestData@2f7298b]" started-at="2026-03-04T10:11:19 IST" name="loginTest" data-provider="loginData" finished-at="2026-03-04T10:11:21 IST" duration-ms="1126" status="PASS">
          <params>
            <param index="0">
              <value>
                <![CDATA[{TestCase=Valid Login 4, Username=error_user, Password=secret_sauce, ExpectedResult=success, Description=Error user with valid credentials}]]>
              </value>
            </param>
          </params>
          <reporter-output>
          </reporter-output>
        </test-method> <!-- loginTest -->
        <test-method is-config="true" signature="tearDown()[pri:0, instance:tests.ExcelLoginTestData@2f7298b]" started-at="2026-03-04T10:11:21 IST" name="tearDown" finished-at="2026-03-04T10:11:21 IST" duration-ms="253" status="PASS">
          <reporter-output>
          </reporter-output>
        </test-method> <!-- tearDown -->
        <test-method is-config="true" signature="setUp()[pri:0, instance:tests.ExcelLoginTestData@2f7298b]" started-at="2026-03-04T10:11:21 IST" name="setUp" finished-at="2026-03-04T10:12:06 IST" duration-ms="44977" status="PASS">
          <reporter-output>
          </reporter-output>
        </test-method> <!-- setUp -->
        <test-method signature="loginTest(java.util.Map)[pri:0, instance:tests.ExcelLoginTestData@2f7298b]" started-at="2026-03-04T10:12:06 IST" name="loginTest" data-provider="loginData" finished-at="2026-03-04T10:12:07 IST" duration-ms="1206" status="PASS">
          <params>
            <param index="0">
              <value>
                <![CDATA[{TestCase=Valid Login 5, Username=visual_user, Password=secret_sauce, ExpectedResult=success, Description=Visual user with valid credentials}]]>
              </value>
            </param>
          </params>
          <reporter-output>
          </reporter-output>
        </test-method> <!-- loginTest -->
        <test-method is-config="true" signature="tearDown()[pri:0, instance:tests.ExcelLoginTestData@2f7298b]" started-at="2026-03-04T10:12:07 IST" name="tearDown" finished-at="2026-03-04T10:12:07 IST" duration-ms="238" status="PASS">
          <reporter-output>
          </reporter-output>
        </test-method> <!-- tearDown -->
        <test-method is-config="true" signature="setUp()[pri:0, instance:tests.ExcelLoginTestData@2f7298b]" started-at="2026-03-04T10:12:07 IST" name="setUp" finished-at="2026-03-04T10:12:37 IST" duration-ms="29517" status="PASS">
          <reporter-output>
          </reporter-output>
        </test-method> <!-- setUp -->
        <test-method signature="loginTest(java.util.Map)[pri:0, instance:tests.ExcelLoginTestData@2f7298b]" started-at="2026-03-04T10:12:37 IST" name="loginTest" data-provider="loginData" finished-at="2026-03-04T10:12:37 IST" duration-ms="322" status="PASS">
          <params>
            <param index="0">
              <value>
                <![CDATA[{TestCase=Invalid Login 1, Username=invalid_user, Password=secret_sauce, ExpectedResult=failed, Description=Invalid username}]]>
              </value>
            </param>
          </params>
          <reporter-output>
          </reporter-output>
        </test-method> <!-- loginTest -->
        <test-method is-config="true" signature="tearDown()[pri:0, instance:tests.ExcelLoginTestData@2f7298b]" started-at="2026-03-04T10:12:37 IST" name="tearDown" finished-at="2026-03-04T10:12:37 IST" duration-ms="254" status="PASS">
          <reporter-output>
          </reporter-output>
        </test-method> <!-- tearDown -->
        <test-method is-config="true" signature="setUp()[pri:0, instance:tests.ExcelLoginTestData@2f7298b]" started-at="2026-03-04T10:12:37 IST" name="setUp" finished-at="2026-03-04T10:12:44 IST" duration-ms="6840" status="PASS">
          <reporter-output>
          </reporter-output>
        </test-method> <!-- setUp -->
        <test-method signature="loginTest(java.util.Map)[pri:0, instance:tests.ExcelLoginTestData@2f7298b]" started-at="2026-03-04T10:12:44 IST" name="loginTest" data-provider="loginData" finished-at="2026-03-04T10:12:45 IST" duration-ms="458" status="PASS">
          <params>
            <param index="0">
              <value>
                <![CDATA[{TestCase=Invalid Login 2, Username=standard_user, Password=wrong_password, ExpectedResult=failed, Description=Invalid password}]]>
              </value>
            </param>
          </params>
          <reporter-output>
          </reporter-output>
        </test-method> <!-- loginTest -->
        <test-method is-config="true" signature="tearDown()[pri:0, instance:tests.ExcelLoginTestData@2f7298b]" started-at="2026-03-04T10:12:45 IST" name="tearDown" finished-at="2026-03-04T10:12:45 IST" duration-ms="199" status="PASS">
          <reporter-output>
          </reporter-output>
        </test-method> <!-- tearDown -->
        <test-method is-config="true" signature="setUp()[pri:0, instance:tests.ExcelLoginTestData@2f7298b]" started-at="2026-03-04T10:12:45 IST" name="setUp" finished-at="2026-03-04T10:14:51 IST" duration-ms="126396" status="PASS">
          <reporter-output>
          </reporter-output>
        </test-method> <!-- setUp -->
        <test-method signature="loginTest(java.util.Map)[pri:0, instance:tests.ExcelLoginTestData@2f7298b]" started-at="2026-03-04T10:14:51 IST" name="loginTest" data-provider="loginData" finished-at="2026-03-04T10:14:52 IST" duration-ms="570" status="PASS">
          <params>
            <param index="0">
              <value>
                <![CDATA[{TestCase=Invalid Login 3, Username=, Password=secret_sauce, ExpectedResult=failed, Description=Empty username}]]>
              </value>
            </param>
          </params>
          <reporter-output>
          </reporter-output>
        </test-method> <!-- loginTest -->
        <test-method is-config="true" signature="tearDown()[pri:0, instance:tests.ExcelLoginTestData@2f7298b]" started-at="2026-03-04T10:14:52 IST" name="tearDown" finished-at="2026-03-04T10:14:52 IST" duration-ms="192" status="PASS">
          <reporter-output>
          </reporter-output>
        </test-method> <!-- tearDown -->
        <test-method is-config="true" signature="setUp()[pri:0, instance:tests.ExcelLoginTestData@2f7298b]" started-at="2026-03-04T10:14:52 IST" name="setUp" finished-at="2026-03-04T10:16:35 IST" duration-ms="102931" status="PASS">
          <reporter-output>
          </reporter-output>
        </test-method> <!-- setUp -->
        <test-method signature="loginTest(java.util.Map)[pri:0, instance:tests.ExcelLoginTestData@2f7298b]" started-at="2026-03-04T10:16:35 IST" name="loginTest" data-provider="loginData" finished-at="2026-03-04T10:16:35 IST" duration-ms="488" status="PASS">
          <params>
            <param index="0">
              <value>
                <![CDATA[{TestCase=Invalid Login 4, Username=standard_user, Password=, ExpectedResult=failed, Description=Empty password}]]>
              </value>
            </param>
          </params>
          <reporter-output>
          </reporter-output>
        </test-method> <!-- loginTest -->
        <test-method is-config="true" signature="tearDown()[pri:0, instance:tests.ExcelLoginTestData@2f7298b]" started-at="2026-03-04T10:16:35 IST" name="tearDown" finished-at="2026-03-04T10:16:36 IST" duration-ms="222" status="PASS">
          <reporter-output>
          </reporter-output>
        </test-method> <!-- tearDown -->
        <test-method is-config="true" signature="setUp()[pri:0, instance:tests.ExcelLoginTestData@2f7298b]" started-at="2026-03-04T10:16:36 IST" name="setUp" finished-at="2026-03-04T10:17:02 IST" duration-ms="26539" status="PASS">
          <reporter-output>
          </reporter-output>
        </test-method> <!-- setUp -->
        <test-method signature="loginTest(java.util.Map)[pri:0, instance:tests.ExcelLoginTestData@2f7298b]" started-at="2026-03-04T10:17:02 IST" name="loginTest" data-provider="loginData" finished-at="2026-03-04T10:17:03 IST" duration-ms="490" status="PASS">
          <params>
            <param index="0">
              <value>
                <![CDATA[{TestCase=Invalid Login 5, Username=locked_out_user, Password=secret_sauce, ExpectedResult=locked, Description=Locked out user}]]>
              </value>
            </param>
          </params>
          <reporter-output>
          </reporter-output>
        </test-method> <!-- loginTest -->
        <test-method is-config="true" signature="tearDown()[pri:0, instance:tests.ExcelLoginTestData@2f7298b]" started-at="2026-03-04T10:17:03 IST" name="tearDown" finished-at="2026-03-04T10:17:03 IST" duration-ms="157" status="PASS">
          <reporter-output>
          </reporter-output>
        </test-method> <!-- tearDown -->
      </class> <!-- tests.ExcelLoginTestData -->
    </test> <!-- Data Driven Login Tests -->
  </suite> <!-- SauceDemo Login Test Suite -->
</testng-results>
