<?xml version="1.0" encoding="UTF-8"?>
<!-- Generated by org.testng.reporters.JUnitReportReporter -->
<testsuite hostname="PRASHANTH" failures="0" tests="10" name="tests.ExcelLoginTestData" time="242.883" errors="0" timestamp="2026-03-03T20:34:19 IST" skipped="0">
  <testcase classname="tests.ExcelLoginTestData" name="loginTest" time="19.598"/>
  <testcase classname="tests.ExcelLoginTestData" name="loginTest" time="10.670"/>
  <testcase classname="tests.ExcelLoginTestData" name="loginTest" time="58.737"/>
  <testcase classname="tests.ExcelLoginTestData" name="loginTest" time="9.869"/>
  <testcase classname="tests.ExcelLoginTestData" name="loginTest" time="4.471"/>
  <testcase classname="tests.ExcelLoginTestData" name="loginTest" time="11.966"/>
  <testcase classname="tests.ExcelLoginTestData" name="loginTest" time="58.759"/>
  <testcase classname="tests.ExcelLoginTestData" name="loginTest" time="28.380"/>
  <testcase classname="tests.ExcelLoginTestData" name="loginTest" time="12.948"/>
  <testcase classname="tests.ExcelLoginTestData" name="loginTest" time="27.485"/>
</testsuite> <!-- tests.ExcelLoginTestData -->
