<?xml version="1.0" encoding="UTF-8"?>
<!-- Generated by org.testng.reporters.JUnitReportReporter -->
<testsuite hostname="PRASHANTH" failures="0" tests="10" name="tests.ExcelLoginTestData" time="140.759" errors="0" timestamp="2026-03-04T10:39:09 IST" skipped="0">
  <testcase classname="tests.ExcelLoginTestData" name="loginTest" time="7.989"/>
  <testcase classname="tests.ExcelLoginTestData" name="loginTest" time="20.737"/>
  <testcase classname="tests.ExcelLoginTestData" name="loginTest" time="9.703"/>
  <testcase classname="tests.ExcelLoginTestData" name="loginTest" time="8.756"/>
  <testcase classname="tests.ExcelLoginTestData" name="loginTest" time="8.674"/>
  <testcase classname="tests.ExcelLoginTestData" name="loginTest" time="14.545"/>
  <testcase classname="tests.ExcelLoginTestData" name="loginTest" time="9.721"/>
  <testcase classname="tests.ExcelLoginTestData" name="loginTest" time="18.518"/>
  <testcase classname="tests.ExcelLoginTestData" name="loginTest" time="18.006"/>
  <testcase classname="tests.ExcelLoginTestData" name="loginTest" time="24.110"/>
</testsuite> <!-- tests.ExcelLoginTestData -->
